Initializing document watcher...
Document watcher initialized
prachijagdale26/gi-analytics/supabase/functions/analytics/index.ts: {}
prachijagdale26/gi-analytics/supabase/functions/analytics/index.ts: {}
prachijagdale26/gi-analytics/supabase/functions/analytics/index.ts: {}
prachijagdale26/gi-analytics/supabase/functions/analytics/index.ts: {}
prachijagdale26/gi-analytics/supabase/functions/analytics/index.ts: Using EditorConfig core...
prachijagdale26/gi-analytics/supabase/functions/analytics/index.ts: {}
prachijagdale26/gi-analytics/supabase/functions/analytics/index.ts: {}
prachijagdale26/gi-analytics/supabase/functions/analytics/index.ts: Using EditorConfig core...
prachijagdale26/gi-analytics/supabase/functions/analytics/index.ts: Using EditorConfig core...
prachijagdale26/gi-analytics/supabase/functions/analytics/index.ts: {}
prachijagdale26/gi-analytics/supabase/functions/analytics/index.ts: {}
prachijagdale26/gi-analytics/supabase/functions/analytics/index.ts: {}
prachijagdale26/gi-analytics/supabase/seed.sql: {}
prachijagdale26/gi-analytics/supabase/seed.sql: {}
prachijagdale26/gi-analytics/supabase/seed.sql: {}
prachijagdale26/gi-analytics/supabase/seed.sql: {}
prachijagdale26/gi-analytics/supabase/seed.sql: {}
prachijagdale26/gi-analytics/supabase/seed.sql: {}
prachijagdale26/gi-analytics/supabase/seed.sql: Using EditorConfig core...
prachijagdale26/gi-analytics/supabase/seed.sql: Using EditorConfig core...
prachijagdale26/gi-analytics/supabase/seed.sql: {}
prachijagdale26/gi-analytics/supabase/functions/analytics/index.ts: {}
prachijagdale26/gi-analytics/supabase/functions/analytics/index.ts: {}
prachijagdale26/gi-analytics/supabase/functions/analytics/index.ts: {}
prachijagdale26/gi-analytics/supabase/functions/analytics/index.ts: {}
prachijagdale26/gi-analytics/supabase/functions/analytics/index.ts: {}
prachijagdale26/gi-analytics/supabase/functions/analytics/index.ts: Using EditorConfig core...
prachijagdale26/gi-analytics/supabase/functions/analytics/index.ts: Using EditorConfig core...
prachijagdale26/gi-analytics/supabase/functions/analytics/index.ts: {}
prachijagdale26/gi-analytics/supabase/seed.sql: {}
prachijagdale26/gi-analytics/supabase/seed.sql: {}
prachijagdale26/gi-analytics/supabase/seed.sql: {}
prachijagdale26/gi-analytics/supabase/seed.sql: {}
prachijagdale26/gi-analytics/supabase/functions/analytics/index.ts: {}
prachijagdale26/gi-analytics/supabase/functions/analytics/index.ts: Using EditorConfig core...
prachijagdale26/gi-analytics/supabase/functions/analytics/index.ts: Using EditorConfig core...
prachijagdale26/gi-analytics/supabase/seed.sql: {}
prachijagdale26/gi-analytics/supabase/seed.sql: Using EditorConfig core...
prachijagdale26/gi-analytics/supabase/seed.sql: Using EditorConfig core...
prachijagdale26/gi-analytics/supabase/seed.sql: {}
prachijagdale26/gi-analytics/supabase/seed.sql: {}
prachijagdale26/gi-analytics/supabase/seed.sql: {}
prachijagdale26/gi-analytics/supabase/seed.sql: {}
prachijagdale26/gi-analytics/supabase/functions/analytics/index.ts: {}
prachijagdale26/gi-analytics/supabase/functions/analytics/index.ts: {}
prachijagdale26/gi-analytics/supabase/functions/analytics/index.ts: {}
prachijagdale26/gi-analytics/supabase/functions/analytics/index.ts: Using EditorConfig core...
prachijagdale26/gi-analytics/supabase/functions/analytics/index.ts: Using EditorConfig core...
prachijagdale26/gi-analytics/supabase/functions/analytics/index.ts: {}
