Initializing document watcher...
Document watcher initialized
prachijagdale26/gi-analytics/supabase/functions/sync-to-bigquery/index.ts: {}
prachijagdale26/gi-analytics/supabase/functions/sync-to-bigquery/index.ts: {}
prachijagdale26/gi-analytics/supabase/functions/sync-to-bigquery/index.ts: {}
prachijagdale26/vendor-analytics/supabase/functions/sync-to-bigquery/index.ts: {}
prachijagdale26/vendor-analytics/index.ts: {}
prachijagdale26/vendor-analytics/supabase/functions/sync-to-bigquery/index.ts: {}
prachijagdale26/vendor-analytics/supabase/functions/sync-to-bigquery/index.ts: {}
prachijagdale26/vendor-analytics/supabase/functions/sync-to-bigquery/index.ts: {}
prachijagdale26/vendor-analytics/supabase/functions/sync-to-bigquery/index.ts: {}
prachijagdale26/vendor-analytics/supabase/functions/sync-to-bigquery/index.ts: {}
prachijagdale26/vendor-analytics/supabase/functions/sync-to-bigquery/index.ts: {}
prachijagdale26/vendor-analytics/supabase/functions/sync-to-bigquery/index.ts: {}
prachijagdale26/vendor-analytics/index.ts: {}
prachijagdale26/gi-analytics/supabase/functions/sync-to-bigquery/index.ts: {}
prachijagdale26/vendor-analytics/supabase/functions/sync-to-bigquery/index.ts: {}
prachijagdale26/vendor-analytics/supabase/functions/sync-to-bigquery/index.ts: {}
prachijagdale26/vendor-analytics/supabase/functions/sync-to-bigquery/index.ts: Using EditorConfig core...
prachijagdale26/vendor-analytics/supabase/functions/sync-to-bigquery/index.ts: Using EditorConfig core...
prachijagdale26/vendor-analytics/supabase/functions/sync-to-bigquery/index.ts: {}
prachijagdale26/vendor-analytics/supabase/functions/sync-to-bigquery/index.ts: {}
prachijagdale26/vendor-analytics/supabase.tar.gz: {}
prachijagdale26/vendor-analytics/LICENSE: {}
prachijagdale26/vendor-analytics/README.md: {}
prachijagdale26/vendor-analytics/supabase.tar.gz: {}
prachijagdale26/README-cloudshell.txt: {}
prachijagdale26/gi-analytics/supabase/functions/sync-to-bigquery/index.ts: {}
prachijagdale26/gi-analytics/supabase/functions/sync-to-bigquery/index.ts: {}
prachijagdale26/gi-analytics/supabase/functions/sync-to-bigquery/index.ts: {}
prachijagdale26/gi-analytics/supabase/functions/sync-to-bigquery/index.ts: {}
prachijagdale26/gi-analytics/supabase/functions/sync-to-bigquery/index.ts: {}
prachijagdale26/gi-analytics/supabase/functions/sync-to-bigquery/index.ts: {}
prachijagdale26/gi-analytics/supabase/functions/sync-to-bigquery/index.ts: {}
prachijagdale26/gi-analytics/supabase/functions/sync-to-bigquery/index.ts: {}
prachijagdale26/gi-analytics/supabase/functions/sync-to-bigquery/index.ts: {}
prachijagdale26/gi-analytics/supabase/functions/sync-to-bigquery/index.ts: {}
prachijagdale26/gi-analytics/supabase/functions/sync-to-bigquery/index.ts: {}
prachijagdale26/giconnect-471219-212b8cb0b4b8.json: {}
prachijagdale26/giconnect-471219-212b8cb0b4b8.json: {}
prachijagdale26/giconnect-471219-212b8cb0b4b8.json: {}
prachijagdale26/vendor-analytics/supabase/functions/sync-to-bigquery/index.ts: {}
prachijagdale26/gi-analytics/supabase/functions/sync-to-bigquery/index.ts: {}
prachijagdale26/vendor-analytics/supabase/functions/sync-to-bigquery/index.ts: {}
prachijagdale26/giconnect-471219-212b8cb0b4b8.json: {}
prachijagdale26/vendor-analytics/supabase/functions/sync-to-bigquery/index.ts: {}
prachijagdale26/gi-analytics/supabase/functions/analytics/index.ts: {}
prachijagdale26/vendor-analytics/supabase/functions/sync-to-bigquery/index.ts: {}
prachijagdale26/vendor-ai/index.js: {}
prachijagdale26/vendor-analytics/supabase/functions/sync-to-bigquery/index.ts: {}
prachijagdale26/giconnect-471219-212b8cb0b4b8.json: {}
prachijagdale26/giconnect-471219-212b8cb0b4b8.json: {}
prachijagdale26/giconnect-471219-212b8cb0b4b8.json: {}
prachijagdale26/giconnect-471219-212b8cb0b4b8.json: {}
prachijagdale26/giconnect-471219-212b8cb0b4b8.json: {}
prachijagdale26/vendor-analytics/supabase/functions/sync-to-bigquery/index.ts: {}
prachijagdale26/vendor-analytics/supabase/functions/sync-to-bigquery/index.ts: Using EditorConfig core...
prachijagdale26/vendor-analytics/supabase/functions/sync-to-bigquery/index.ts: {}
prachijagdale26/vendor-analytics/supabase/functions/sync-to-bigquery/index.ts: Using EditorConfig core...
prachijagdale26/vendor-analytics/supabase/functions/sync-to-bigquery/index.ts: {}
prachijagdale26/vendor-analytics/supabase/functions/sync-to-bigquery/index.ts: Using EditorConfig core...
prachijagdale26/vendor-analytics/supabase/functions/sync-to-bigquery/index.ts: Using EditorConfig core...
