2025-09-17 06:27:58.061 [info] [main] Log level: Info
2025-09-17 06:27:58.061 [info] [main] Validating found git in: "git"
2025-09-17 06:27:58.061 [info] [main] Using git "2.43.0" from "git"
2025-09-17 06:27:58.061 [info] [Model][doInitialScan] Initial repository scan started
2025-09-17 06:27:58.061 [info] > git rev-parse --show-toplevel [113ms]
2025-09-17 06:27:58.061 [info] fatal: not a git repository (or any parent up to mount point /)
Stopping at filesystem boundary (GIT_DISCOVERY_ACROSS_FILESYSTEM not set).
2025-09-17 06:27:58.061 [info] > git rev-parse --show-toplevel [10ms]
2025-09-17 06:27:58.061 [info] fatal: not a git repository (or any parent up to mount point /)
Stopping at filesystem boundary (GIT_DISCOVERY_ACROSS_FILESYSTEM not set).
2025-09-17 06:27:58.085 [info] > git rev-parse --show-toplevel [4ms]
2025-09-17 06:27:58.086 [info] fatal: not a git repository (or any parent up to mount point /)
Stopping at filesystem boundary (GIT_DISCOVERY_ACROSS_FILESYSTEM not set).
2025-09-17 06:27:58.097 [info] > git rev-parse --show-toplevel [2ms]
2025-09-17 06:27:58.097 [info] fatal: not a git repository (or any parent up to mount point /)
Stopping at filesystem boundary (GIT_DISCOVERY_ACROSS_FILESYSTEM not set).
2025-09-17 06:27:58.137 [info] > git rev-parse --show-toplevel [25ms]
2025-09-17 06:27:58.137 [info] fatal: not a git repository (or any parent up to mount point /)
Stopping at filesystem boundary (GIT_DISCOVERY_ACROSS_FILESYSTEM not set).
2025-09-17 06:27:58.148 [info] > git rev-parse --show-toplevel [0ms]
2025-09-17 06:27:58.148 [info] fatal: not a git repository (or any parent up to mount point /)
Stopping at filesystem boundary (GIT_DISCOVERY_ACROSS_FILESYSTEM not set).
2025-09-17 06:27:58.158 [info] > git rev-parse --show-toplevel [0ms]
2025-09-17 06:27:58.158 [info] fatal: not a git repository (or any parent up to mount point /)
Stopping at filesystem boundary (GIT_DISCOVERY_ACROSS_FILESYSTEM not set).
2025-09-17 06:27:58.177 [info] > git rev-parse --show-toplevel [11ms]
2025-09-17 06:27:58.177 [info] fatal: not a git repository (or any parent up to mount point /)
Stopping at filesystem boundary (GIT_DISCOVERY_ACROSS_FILESYSTEM not set).
2025-09-17 06:27:58.239 [info] > git rev-parse --show-toplevel [50ms]
2025-09-17 06:27:58.239 [info] fatal: not a git repository (or any parent up to mount point /)
Stopping at filesystem boundary (GIT_DISCOVERY_ACROSS_FILESYSTEM not set).
2025-09-17 06:27:58.260 [info] > git rev-parse --show-toplevel [5ms]
2025-09-17 06:27:58.260 [info] fatal: not a git repository (or any parent up to mount point /)
Stopping at filesystem boundary (GIT_DISCOVERY_ACROSS_FILESYSTEM not set).
2025-09-17 06:27:58.271 [info] > git rev-parse --show-toplevel [1ms]
2025-09-17 06:27:58.271 [info] fatal: not a git repository (or any parent up to mount point /)
Stopping at filesystem boundary (GIT_DISCOVERY_ACROSS_FILESYSTEM not set).
2025-09-17 06:27:58.279 [info] > git rev-parse --show-toplevel [2ms]
2025-09-17 06:27:58.279 [info] fatal: not a git repository (or any parent up to mount point /)
Stopping at filesystem boundary (GIT_DISCOVERY_ACROSS_FILESYSTEM not set).
2025-09-17 06:27:58.287 [info] > git rev-parse --show-toplevel [1ms]
2025-09-17 06:27:58.287 [info] fatal: not a git repository (or any parent up to mount point /)
Stopping at filesystem boundary (GIT_DISCOVERY_ACROSS_FILESYSTEM not set).
2025-09-17 06:27:58.295 [info] > git rev-parse --show-toplevel [0ms]
2025-09-17 06:27:58.296 [info] fatal: not a git repository (or any parent up to mount point /)
Stopping at filesystem boundary (GIT_DISCOVERY_ACROSS_FILESYSTEM not set).
2025-09-17 06:27:58.303 [info] > git rev-parse --show-toplevel [2ms]
2025-09-17 06:27:58.304 [info] fatal: not a git repository (or any parent up to mount point /)
Stopping at filesystem boundary (GIT_DISCOVERY_ACROSS_FILESYSTEM not set).
2025-09-17 06:27:58.304 [info] [Model][doInitialScan] Initial repository scan completed - repositories (0), closed repositories (0), parent repositories (0), unsafe repositories (0)
