2025-09-19 12:02:09.237 [info] [main] Log level: Info
2025-09-19 12:02:09.237 [info] [main] Validating found git in: "git"
2025-09-19 12:02:09.237 [info] [main] Using git "2.43.0" from "git"
2025-09-19 12:02:09.237 [info] [Model][doInitialScan] Initial repository scan started
2025-09-19 12:02:09.237 [info] > git rev-parse --show-toplevel [449ms]
2025-09-19 12:02:09.237 [info] fatal: not a git repository (or any parent up to mount point /)
Stopping at filesystem boundary (GIT_DISCOVERY_ACROSS_FILESYSTEM not set).
2025-09-19 12:02:09.237 [info] > git rev-parse --show-toplevel [5ms]
2025-09-19 12:02:09.237 [info] fatal: not a git repository (or any parent up to mount point /)
Stopping at filesystem boundary (GIT_DISCOVERY_ACROSS_FILESYSTEM not set).
2025-09-19 12:02:09.271 [info] > git rev-parse --show-toplevel [5ms]
2025-09-19 12:02:09.271 [info] fatal: not a git repository (or any parent up to mount point /)
Stopping at filesystem boundary (GIT_DISCOVERY_ACROSS_FILESYSTEM not set).
2025-09-19 12:02:09.281 [info] > git rev-parse --show-toplevel [2ms]
2025-09-19 12:02:09.281 [info] fatal: not a git repository (or any parent up to mount point /)
Stopping at filesystem boundary (GIT_DISCOVERY_ACROSS_FILESYSTEM not set).
2025-09-19 12:02:09.286 [info] > git rev-parse --show-toplevel [2ms]
2025-09-19 12:02:09.286 [info] fatal: not a git repository (or any parent up to mount point /)
Stopping at filesystem boundary (GIT_DISCOVERY_ACROSS_FILESYSTEM not set).
2025-09-19 12:02:09.291 [info] > git rev-parse --show-toplevel [1ms]
2025-09-19 12:02:09.291 [info] fatal: not a git repository (or any parent up to mount point /)
Stopping at filesystem boundary (GIT_DISCOVERY_ACROSS_FILESYSTEM not set).
2025-09-19 12:02:09.303 [info] > git rev-parse --show-toplevel [9ms]
2025-09-19 12:02:09.303 [info] fatal: not a git repository (or any parent up to mount point /)
Stopping at filesystem boundary (GIT_DISCOVERY_ACROSS_FILESYSTEM not set).
2025-09-19 12:02:09.311 [info] > git rev-parse --show-toplevel [1ms]
2025-09-19 12:02:09.311 [info] fatal: not a git repository (or any parent up to mount point /)
Stopping at filesystem boundary (GIT_DISCOVERY_ACROSS_FILESYSTEM not set).
2025-09-19 12:02:09.316 [info] > git rev-parse --show-toplevel [2ms]
2025-09-19 12:02:09.316 [info] fatal: not a git repository (or any parent up to mount point /)
Stopping at filesystem boundary (GIT_DISCOVERY_ACROSS_FILESYSTEM not set).
2025-09-19 12:02:09.320 [info] > git rev-parse --show-toplevel [1ms]
2025-09-19 12:02:09.321 [info] fatal: not a git repository (or any parent up to mount point /)
Stopping at filesystem boundary (GIT_DISCOVERY_ACROSS_FILESYSTEM not set).
2025-09-19 12:02:09.325 [info] > git rev-parse --show-toplevel [1ms]
2025-09-19 12:02:09.325 [info] fatal: not a git repository (or any parent up to mount point /)
Stopping at filesystem boundary (GIT_DISCOVERY_ACROSS_FILESYSTEM not set).
2025-09-19 12:02:09.331 [info] > git rev-parse --show-toplevel [2ms]
2025-09-19 12:02:09.331 [info] fatal: not a git repository (or any parent up to mount point /)
Stopping at filesystem boundary (GIT_DISCOVERY_ACROSS_FILESYSTEM not set).
2025-09-19 12:02:09.381 [info] > git rev-parse --show-toplevel [47ms]
2025-09-19 12:02:09.381 [info] fatal: not a git repository (or any parent up to mount point /)
Stopping at filesystem boundary (GIT_DISCOVERY_ACROSS_FILESYSTEM not set).
2025-09-19 12:02:09.666 [info] > git rev-parse --show-toplevel [282ms]
2025-09-19 12:02:09.666 [info] fatal: not a git repository (or any parent up to mount point /)
Stopping at filesystem boundary (GIT_DISCOVERY_ACROSS_FILESYSTEM not set).
2025-09-19 12:02:09.709 [info] > git rev-parse --show-toplevel [35ms]
2025-09-19 12:02:09.709 [info] fatal: not a git repository (or any parent up to mount point /)
Stopping at filesystem boundary (GIT_DISCOVERY_ACROSS_FILESYSTEM not set).
2025-09-19 12:02:09.724 [info] > git rev-parse --show-toplevel [7ms]
2025-09-19 12:02:09.724 [info] fatal: not a git repository (or any parent up to mount point /)
Stopping at filesystem boundary (GIT_DISCOVERY_ACROSS_FILESYSTEM not set).
2025-09-19 12:02:09.725 [info] [Model][doInitialScan] Initial repository scan completed - repositories (0), closed repositories (0), parent repositories (0), unsafe repositories (0)
2025-09-19 12:02:19.850 [info] > git rev-parse --show-toplevel [2ms]
2025-09-19 12:02:19.850 [info] fatal: not a git repository (or any parent up to mount point /)
Stopping at filesystem boundary (GIT_DISCOVERY_ACROSS_FILESYSTEM not set).
2025-09-19 12:02:53.951 [info] > git rev-parse --show-toplevel [2ms]
2025-09-19 12:02:53.951 [info] fatal: not a git repository (or any parent up to mount point /)
Stopping at filesystem boundary (GIT_DISCOVERY_ACROSS_FILESYSTEM not set).
2025-09-19 12:02:53.957 [info] > git rev-parse --show-toplevel [1ms]
2025-09-19 12:02:53.957 [info] fatal: not a git repository (or any parent up to mount point /)
Stopping at filesystem boundary (GIT_DISCOVERY_ACROSS_FILESYSTEM not set).
2025-09-19 12:02:53.963 [info] > git rev-parse --show-toplevel [2ms]
2025-09-19 12:02:53.963 [info] fatal: not a git repository (or any parent up to mount point /)
Stopping at filesystem boundary (GIT_DISCOVERY_ACROSS_FILESYSTEM not set).
2025-09-19 12:03:35.776 [info] > git rev-parse --show-toplevel [1ms]
2025-09-19 12:03:35.776 [info] fatal: not a git repository (or any parent up to mount point /)
Stopping at filesystem boundary (GIT_DISCOVERY_ACROSS_FILESYSTEM not set).
2025-09-19 12:03:45.805 [info] > git rev-parse --show-toplevel [1ms]
2025-09-19 12:03:45.805 [info] fatal: not a git repository (or any parent up to mount point /)
Stopping at filesystem boundary (GIT_DISCOVERY_ACROSS_FILESYSTEM not set).
