0 verbose cli /usr/local/nvm/versions/node/v22.19.0/bin/node /usr/local/nvm/versions/node/v22.19.0/bin/npm
0 verbose cli /usr/local/nvm/versions/node/v22.19.0/bin/node /usr/local/nvm/versions/node/v22.19.0/bin/npm
1 info using npm@11.6.0
1 info using npm@11.6.0
2 info using node@v22.19.0
2 info using node@v22.19.0
3 silly config load:file:/usr/local/nvm/versions/node/v22.19.0/lib/node_modules/npm/npmrc
3 silly config load:file:/usr/local/nvm/versions/node/v22.19.0/lib/node_modules/npm/npmrc
4 silly config load:file:/home/prachijagdale26/.npmrc
4 silly config load:file:/home/prachijagdale26/.npmrc
5 silly config load:file:/usr/local/nvm/versions/node/v22.19.0/etc/npmrc
5 silly config load:file:/usr/local/nvm/versions/node/v22.19.0/etc/npmrc
6 verbose title npm config get prefix
6 verbose title npm config get prefix
7 verbose argv "config" "--loglevel" "warn" "get" "prefix"
7 verbose argv "config" "--loglevel" "warn" "get" "prefix"
8 verbose logfile logs-max:10 dir:/home/prachijagdale26/.npm/_logs/2025-09-20T08_43_09_007Z-
8 verbose logfile logs-max:10 dir:/home/prachijagdale26/.npm/_logs/2025-09-20T08_43_09_007Z-
9 verbose logfile /home/prachijagdale26/.npm/_logs/2025-09-20T08_43_09_007Z-debug-0.log
9 verbose logfile /home/prachijagdale26/.npm/_logs/2025-09-20T08_43_09_007Z-debug-0.log
10 silly logfile start cleaning logs, removing 1 files
10 silly logfile start cleaning logs, removing 1 files
11 silly logfile done cleaning log files
11 silly logfile done cleaning log files
12 verbose cwd /home/prachijagdale26
12 verbose cwd /home/prachijagdale26
13 verbose os Linux 6.6.97+
13 verbose os Linux 6.6.97+
14 verbose node v22.19.0
14 verbose node v22.19.0
15 verbose npm  v11.6.0
15 verbose npm  v11.6.0
16 verbose exit 0
16 verbose exit 0
17 info ok
17 info ok
