Initializing document watcher...
Document watcher initialized
prachijagdale26/gi-analytics/supabase/functions/analytics/index.ts: {}
prachijagdale26/gi-analytics/supabase/functions/analytics/index.ts: Using EditorConfig core...
prachijagdale26/gi-analytics/supabase/functions/analytics/index.ts: {}
prachijagdale26/gi-analytics/supabase/functions/analytics/index.ts: {}
prachijagdale26/gi-analytics/supabase/functions/analytics/index.ts: Using EditorConfig core...
prachijagdale26/gi-analytics/supabase/functions/analytics/index.ts: Using EditorConfig core...
prachijagdale26/gi-analytics/supabase/functions/analytics/index.ts: {}
prachijagdale26/gi-analytics/supabase/functions/analytics/index.ts: {}
prachijagdale26/gi-analytics/supabase/functions/analytics/index.ts: {}
prachijagdale26/gi-analytics/supabase/functions/analytics/index.ts: {}
prachijagdale26/gi-analytics/supabase/functions/analytics/index.ts: {}
prachijagdale26/gi-analytics/supabase/functions/analytics/index.ts: {}
prachijagdale26/gi-analytics/supabase/functions/analytics/index.ts: {}
prachijagdale26/gi-analytics/supabase/functions/analytics/index.ts: {}
prachijagdale26/gi-analytics/supabase/functions/analytics/index.ts: {}
No more open editors.
No more open editors.
No more open editors.
